<?xml version="1.0" encoding="UTF-8"?>
<testsuite xmlns:xsi="http://www.w3.org/2001/XMLSchema-instance" xsi:noNamespaceSchemaLocation="https://maven.apache.org/surefire/maven-surefire-plugin/xsd/surefire-test-report.xsd" version="3.0.2" name="FelineTest" time="0.015" tests="4" errors="0" skipped="0" failures="0">
  <properties>
    <property name="sun.desktop" value="windows"/>
    <property name="awt.toolkit" value="sun.awt.windows.WToolkit"/>
    <property name="java.specification.version" value="11"/>
    <property name="sun.cpu.isalist" value="amd64"/>
    <property name="sun.jnu.encoding" value="Cp1251"/>
    <property name="java.class.path" value="C:\Users\Roman\qa_java\target\test-classes;C:\Users\Roman\qa_java\target\classes;C:\Users\Roman\.m2\repository\org\mockito\mockito-core\3.12.4\mockito-core-3.12.4.jar;C:\Users\Roman\.m2\repository\net\bytebuddy\byte-buddy\1.11.13\byte-buddy-1.11.13.jar;C:\Users\Roman\.m2\repository\net\bytebuddy\byte-buddy-agent\1.11.13\byte-buddy-agent-1.11.13.jar;C:\Users\Roman\.m2\repository\org\objenesis\objenesis\3.2\objenesis-3.2.jar;C:\Users\Roman\.m2\repository\org\junit\jupiter\junit-jupiter-engine\5.12.1\junit-jupiter-engine-5.12.1.jar;C:\Users\Roman\.m2\repository\org\junit\platform\junit-platform-engine\1.12.1\junit-platform-engine-1.12.1.jar;C:\Users\Roman\.m2\repository\org\opentest4j\opentest4j\1.3.0\opentest4j-1.3.0.jar;C:\Users\Roman\.m2\repository\org\junit\platform\junit-platform-commons\1.12.1\junit-platform-commons-1.12.1.jar;C:\Users\Roman\.m2\repository\org\junit\jupiter\junit-jupiter-api\5.12.1\junit-jupiter-api-5.12.1.jar;C:\Users\Roman\.m2\repository\org\apiguardian\apiguardian-api\1.1.2\apiguardian-api-1.1.2.jar;C:\Users\Roman\.m2\repository\junit\junit\4.13.2\junit-4.13.2.jar;C:\Users\Roman\.m2\repository\org\hamcrest\hamcrest-core\1.3\hamcrest-core-1.3.jar;C:\Users\Roman\.m2\repository\org\junit\jupiter\junit-jupiter-params\5.8.2\junit-jupiter-params-5.8.2.jar;"/>
    <property name="java.vm.vendor" value="Amazon.com Inc."/>
    <property name="sun.arch.data.model" value="64"/>
    <property name="user.variant" value=""/>
    <property name="java.vendor.url" value="https://aws.amazon.com/corretto/"/>
    <property name="user.timezone" value="Europe/Moscow"/>
    <property name="java.vm.specification.version" value="11"/>
    <property name="os.name" value="Windows 10"/>
    <property name="sun.java.launcher" value="SUN_STANDARD"/>
    <property name="user.country" value="RU"/>
    <property name="sun.boot.library.path" value="C:\Program Files\Amazon Corretto\jdk11.0.26_4\bin"/>
    <property name="sun.java.command" value="C:\Users\Roman\AppData\Local\Temp\surefire11182957881363163931\surefirebooter-20250511132612042_3.jar C:\Users\Roman\AppData\Local\Temp\surefire11182957881363163931 2025-05-11T13-26-11_700-jvmRun1 surefire-20250511132612042_1tmp surefire_0-20250511132612042_2tmp"/>
    <property name="jdk.debug" value="release"/>
    <property name="surefire.test.class.path" value="C:\Users\Roman\qa_java\target\test-classes;C:\Users\Roman\qa_java\target\classes;C:\Users\Roman\.m2\repository\org\mockito\mockito-core\3.12.4\mockito-core-3.12.4.jar;C:\Users\Roman\.m2\repository\net\bytebuddy\byte-buddy\1.11.13\byte-buddy-1.11.13.jar;C:\Users\Roman\.m2\repository\net\bytebuddy\byte-buddy-agent\1.11.13\byte-buddy-agent-1.11.13.jar;C:\Users\Roman\.m2\repository\org\objenesis\objenesis\3.2\objenesis-3.2.jar;C:\Users\Roman\.m2\repository\org\junit\jupiter\junit-jupiter-engine\5.12.1\junit-jupiter-engine-5.12.1.jar;C:\Users\Roman\.m2\repository\org\junit\platform\junit-platform-engine\1.12.1\junit-platform-engine-1.12.1.jar;C:\Users\Roman\.m2\repository\org\opentest4j\opentest4j\1.3.0\opentest4j-1.3.0.jar;C:\Users\Roman\.m2\repository\org\junit\platform\junit-platform-commons\1.12.1\junit-platform-commons-1.12.1.jar;C:\Users\Roman\.m2\repository\org\junit\jupiter\junit-jupiter-api\5.12.1\junit-jupiter-api-5.12.1.jar;C:\Users\Roman\.m2\repository\org\apiguardian\apiguardian-api\1.1.2\apiguardian-api-1.1.2.jar;C:\Users\Roman\.m2\repository\junit\junit\4.13.2\junit-4.13.2.jar;C:\Users\Roman\.m2\repository\org\hamcrest\hamcrest-core\1.3\hamcrest-core-1.3.jar;C:\Users\Roman\.m2\repository\org\junit\jupiter\junit-jupiter-params\5.8.2\junit-jupiter-params-5.8.2.jar;"/>
    <property name="sun.cpu.endian" value="little"/>
    <property name="user.home" value="C:\Users\Roman"/>
    <property name="user.language" value="ru"/>
    <property name="java.specification.vendor" value="Oracle Corporation"/>
    <property name="java.version.date" value="2025-01-21"/>
    <property name="java.home" value="C:\Program Files\Amazon Corretto\jdk11.0.26_4"/>
    <property name="file.separator" value="\"/>
    <property name="basedir" value="C:\Users\Roman\qa_java"/>
    <property name="java.vm.compressedOopsMode" value="Zero based"/>
    <property name="line.separator" value="&#10;"/>
    <property name="java.specification.name" value="Java Platform API Specification"/>
    <property name="java.vm.specification.vendor" value="Oracle Corporation"/>
    <property name="java.awt.graphicsenv" value="sun.awt.Win32GraphicsEnvironment"/>
    <property name="surefire.real.class.path" value="C:\Users\Roman\AppData\Local\Temp\surefire11182957881363163931\surefirebooter-20250511132612042_3.jar"/>
    <property name="user.script" value=""/>
    <property name="sun.management.compiler" value="HotSpot 64-Bit Tiered Compilers"/>
    <property name="java.runtime.version" value="11.0.26+4-LTS"/>
    <property name="user.name" value="Roman"/>
    <property name="path.separator" value=";"/>
    <property name="os.version" value="10.0"/>
    <property name="java.runtime.name" value="OpenJDK Runtime Environment"/>
    <property name="file.encoding" value="Cp1251"/>
    <property name="java.vm.name" value="OpenJDK 64-Bit Server VM"/>
    <property name="java.vendor.version" value="Corretto-11.0.26.4.1"/>
    <property name="localRepository" value="C:\Users\Roman\.m2\repository"/>
    <property name="java.vendor.url.bug" value="https://github.com/corretto/corretto-11/issues/"/>
    <property name="java.io.tmpdir" value="C:\Users\Roman\AppData\Local\Temp\"/>
    <property name="java.version" value="11.0.26"/>
    <property name="user.dir" value="C:\Users\Roman\qa_java"/>
    <property name="os.arch" value="amd64"/>
    <property name="java.vm.specification.name" value="Java Virtual Machine Specification"/>
    <property name="java.awt.printerjob" value="sun.awt.windows.WPrinterJob"/>
    <property name="sun.os.patch.level" value=""/>
    <property name="java.library.path" value="C:\Program Files\Amazon Corretto\jdk11.0.26_4\bin;C:\Windows\Sun\Java\bin;C:\Windows\system32;C:\Windows;C:\Program Files\Amazon Corretto\jdk11.0.26_4\bin;C:\Program Files\Amazon Corretto\jdk11.0.26_4\bin;C:\Program Files\apache-maven-3.9.9\bin;C:\Program Files (x86)\Common Files\Oracle\Java\javapath;C:\Windows\system32;C:\Windows;C:\Windows\System32\Wbem;C:\Windows\System32\WindowsPowerShell\v1.0\;C:\Windows\System32\OpenSSH\;C:\Program Files\Git\cmd;C:\Users\Roman\AppData\Roaming\nvm;C:\Program Files\nodejs;C:\Program Files\Docker\Docker\resources\bin;C:\Program Files\Amazon Corretto\jdk11.0.26_4\bin;C:\Program Files\usbipd-win\;C:\Program Files\apache-maven-3.9.9\bin;C:\Users\Roman\scoop\shims;C:\Users\Roman\AppData\Local\Microsoft\WindowsApps;C:\Users\Roman\AppData\Local\Programs\Microsoft VS Code\bin;C:\Users\Roman\AppData\Roaming\nvm;C:\Program Files\nodejs;C:\Program Files (x86)\Nmap;;."/>
    <property name="java.vm.info" value="mixed mode"/>
    <property name="java.vendor" value="Amazon.com Inc."/>
    <property name="java.vm.version" value="11.0.26+4-LTS"/>
    <property name="java.specification.maintenance.version" value="3"/>
    <property name="sun.io.unicode.encoding" value="UnicodeLittle"/>
    <property name="java.class.version" value="55.0"/>
  </properties>
  <testcase name="testGetFamilyReturnsCorrectFamily" classname="FelineTest" time="0.002"/>
  <testcase name="testGetKittensDefaultReturnsOne" classname="FelineTest" time="0.002"/>
  <testcase name="testEatMeatReturnsFoodList" classname="FelineTest" time="0.003"/>
  <testcase name="testGetKittensWithArgumentReturnsArgument" classname="FelineTest" time="0.002"/>
</testsuite>